<?xml version="1.0" encoding="UTF-8"?>
<robot generator="Robot 7.2.2 (Python 3.13.3 on win32)" generated="2025-08-14T22:44:14.029744" rpa="false" schemaversion="5">
<suite id="s1" name="Create Poll Test" source="C:\Users\yusuf\PycharmProjects\VibeCatch_Testing\Tests\create_poll_test.robot">
<kw name="Open Website" owner="keywords" type="SETUP">
<kw name="New Browser" owner="Browser">
<msg time="2025-08-14T22:44:14.180756" level="INFO">{"browser": "chromium", "headless": false, "args": ["--start-maximized"], "chromiumSandbox": false, "devtools": false, "handleSIGHUP": true, "handleSIGINT": true, "handleSIGTERM": true, "slowMo": 0.0, "timeout": 30000.0, "tracesDir": "C:\\Users\\yusuf\\PycharmProjects\\VibeCatch_Testing\\browser\\traces\\temp\\d43359e7-9876-4a79-981d-47efda826c2e"}</msg>
<msg time="2025-08-14T22:44:14.199822" level="INFO">Starting Browser process C:\Python\Lib\site-packages\Browser\wrapper\index.js using at 127.0.0.1:55881</msg>
<msg time="2025-08-14T22:44:15.100396" level="INFO">Successfully created browser with options: {"browser":"chromium","headless":false,"args":["--start-maximized"],"chromiumSandbox":false,"devtools":false,"handleSIGHUP":true,"handleSIGINT":true,"handleSIGTERM":true,"slowMo":0,"timeout":30000,"tracesDir":"C:\\Users\\yusuf\\PycharmProjects\\VibeCatch_Testing\\browser\\traces\\temp\\d43359e7-9876-4a79-981d-47efda826c2e"}</msg>
<arg>browser=chromium</arg>
<arg>headless=${False}</arg>
<arg>args=["--start-maximized"]</arg>
<tag>BrowserControl</tag>
<tag>Setter</tag>
<doc>Create a new playwright Browser with specified options.</doc>
<status status="PASS" start="2025-08-14T22:44:14.180031" elapsed="0.920613"/>
</kw>
<kw name="New Context" owner="Browser">
<msg time="2025-08-14T22:44:15.103738" level="INFO">{
  "acceptDownloads": true,
  "bypassCSP": false,
  "forcedColors": "none",
  "ignoreHTTPSErrors": false,
  "javaScriptEnabled": true,
  "offline": false,
  "reducedMotion": "no-preference",
  "serviceWorkers": "allow",
  "viewport": null
}</msg>
<msg time="2025-08-14T22:44:15.128958" level="INFO">Successfully created context. </msg>
<msg time="2025-08-14T22:44:15.129104" level="INFO">{'acceptDownloads': True, 'bypassCSP': False, 'forcedColors': 'none', 'ignoreHTTPSErrors': False, 'javaScriptEnabled': True, 'offline': False, 'reducedMotion': 'no-preference', 'serviceWorkers': 'allow', 'viewport': None}</msg>
<arg>viewport=${None}</arg>
<tag>BrowserControl</tag>
<tag>Setter</tag>
<doc>Create a new BrowserContext with specified options.</doc>
<status status="PASS" start="2025-08-14T22:44:15.101008" elapsed="0.028256"/>
</kw>
<kw name="New Page" owner="Browser">
<msg time="2025-08-14T22:44:19.798270" level="INFO">Successfully initialized new page object and opened url: https://env-5369504.paas.datacenter.fi/</msg>
<arg>${URL}</arg>
<tag>BrowserControl</tag>
<tag>Setter</tag>
<doc>Open a new Page.</doc>
<status status="PASS" start="2025-08-14T22:44:15.129558" elapsed="4.669139"/>
</kw>
<kw name="Run Keyword And Ignore Error" owner="BuiltIn">
<kw name="Wait For Elements State" owner="Browser">
<msg time="2025-08-14T22:44:19.846093" level="INFO">Waited for Element with selector //div[contains(@class,'adroll_button_text') and normalize-space(.)='Allow All'] at state visible</msg>
<arg>${BTN_ALLOW_COOKIES}</arg>
<arg>visible</arg>
<arg>timeout=8s</arg>
<tag>PageContent</tag>
<tag>Wait</tag>
<doc>Waits for the element found by ``selector`` to satisfy state option.</doc>
<status status="PASS" start="2025-08-14T22:44:19.799564" elapsed="0.046728"/>
</kw>
<arg>Wait For Elements State</arg>
<arg>${BTN_ALLOW_COOKIES}</arg>
<arg>visible</arg>
<arg>timeout=8s</arg>
<doc>Runs the given keyword with the given arguments and ignores possible error.</doc>
<status status="PASS" start="2025-08-14T22:44:19.799018" elapsed="0.047407"/>
</kw>
<kw name="Run Keyword And Ignore Error" owner="BuiltIn">
<kw name="Click" owner="Browser">
<msg time="2025-08-14T22:44:19.847764" level="INFO">Clicks the element '//div[contains(@class,'adroll_button_text') and normalize-space(.)='Allow All']'.</msg>
<arg>${BTN_ALLOW_COOKIES}</arg>
<tag>PageContent</tag>
<tag>Setter</tag>
<doc>Simulates mouse click on the element found by ``selector``.</doc>
<status status="PASS" start="2025-08-14T22:44:19.847099" elapsed="0.046909"/>
</kw>
<arg>Click</arg>
<arg>${BTN_ALLOW_COOKIES}</arg>
<doc>Runs the given keyword with the given arguments and ignores possible error.</doc>
<status status="PASS" start="2025-08-14T22:44:19.846635" elapsed="0.047586"/>
</kw>
<status status="PASS" start="2025-08-14T22:44:14.179473" elapsed="5.714927"/>
</kw>
<test id="s1-t1" name="TC01 Create New Poll" line="12">
<kw name="Get Env" owner="PollGen">
<msg time="2025-08-14T22:44:19.904675" level="INFO">${EMAIL} = yusuf.er@brightstraining.com</msg>
<var>${EMAIL}</var>
<arg>VC_EMAIL</arg>
<arg>required=True</arg>
<doc>Ortam değişkeninden değer okur. Örn: Get Env    VC_EMAIL    required=True
- default: bulunamazsa döndürülecek değer
- required: True ise bulunamazsa hata fırlatır</doc>
<status status="PASS" start="2025-08-14T22:44:19.903957" elapsed="0.000798"/>
</kw>
<kw name="Get Env" owner="PollGen">
<msg time="2025-08-14T22:44:19.905873" level="INFO">${PASSWORD} = tenor!embedded9PING</msg>
<var>${PASSWORD}</var>
<arg>VC_PASSWORD</arg>
<arg>required=True</arg>
<doc>Ortam değişkeninden değer okur. Örn: Get Env    VC_EMAIL    required=True
- default: bulunamazsa döndürülecek değer
- required: True ise bulunamazsa hata fırlatır</doc>
<status status="PASS" start="2025-08-14T22:44:19.905292" elapsed="0.000641"/>
</kw>
<kw name="Login" owner="keywords">
<kw name="Go To Login" owner="keywords">
<kw name="Run Keyword And Return Status" owner="BuiltIn">
<kw name="Wait For Elements State" owner="Browser">
<msg time="2025-08-14T22:44:21.178438" level="INFO" html="true">&lt;/td&gt;&lt;/tr&gt;&lt;tr&gt;&lt;td colspan="3"&gt;&lt;a href="browser/screenshot/fail-screenshot-1.png" target="_blank"&gt;&lt;img src="browser/screenshot/fail-screenshot-1.png" width="800px"/&gt;&lt;/a&gt;</msg>
<msg time="2025-08-14T22:44:21.178563" level="INFO">See also file:///C:/Users/yusuf/PycharmProjects/VibeCatch_Testing/playwright-log.txt for additional details.</msg>
<msg time="2025-08-14T22:44:21.178899" level="FAIL">TimeoutError: locator.waitFor: Timeout 1000ms exceeded.
Call log:
  - waiting for locator('input#username') to be visible
    7 × locator resolved to hidden &lt;input type="email" id="username" name="username" placeholder="Email" data-en-placeholder="Email" autocomplete="username email" data-fi-placeholder="Sähköposti"/&gt;
</msg>
<arg>${INPUT_EMAIL}</arg>
<arg>visible</arg>
<arg>timeout=1s</arg>
<tag>PageContent</tag>
<tag>Wait</tag>
<doc>Waits for the element found by ``selector`` to satisfy state option.</doc>
<status status="FAIL" start="2025-08-14T22:44:19.909578" elapsed="1.275448">TimeoutError: locator.waitFor: Timeout 1000ms exceeded.
Call log:
  - waiting for locator('input#username') to be visible
    7 × locator resolved to hidden &lt;input type="email" id="username" name="username" placeholder="Email" data-en-placeholder="Email" autocomplete="username email" data-fi-placeholder="Sähköposti"/&gt;
</status>
</kw>
<msg time="2025-08-14T22:44:21.185320" level="INFO">${form_visible} = False</msg>
<var>${form_visible}</var>
<arg>Wait For Elements State</arg>
<arg>${INPUT_EMAIL}</arg>
<arg>visible</arg>
<arg>timeout=1s</arg>
<doc>Runs the given keyword with given arguments and returns the status as a Boolean value.</doc>
<status status="PASS" start="2025-08-14T22:44:19.908871" elapsed="1.276566"/>
</kw>
<if>
<branch type="IF" condition="not ${form_visible}">
<kw name="Wait For Elements State" owner="Browser">
<msg time="2025-08-14T22:44:21.195029" level="INFO">Waited for Element with selector //a[@class='login'] at state visible</msg>
<arg>${BTN_LOGIN}</arg>
<arg>visible</arg>
<arg>timeout=15s</arg>
<tag>PageContent</tag>
<tag>Wait</tag>
<doc>Waits for the element found by ``selector`` to satisfy state option.</doc>
<status status="PASS" start="2025-08-14T22:44:21.187111" elapsed="0.008112"/>
</kw>
<kw name="Click" owner="Browser">
<msg time="2025-08-14T22:44:21.196699" level="INFO">Clicks the element '//a[@class='login']'.</msg>
<arg>${BTN_LOGIN}</arg>
<tag>PageContent</tag>
<tag>Setter</tag>
<doc>Simulates mouse click on the element found by ``selector``.</doc>
<status status="PASS" start="2025-08-14T22:44:21.195687" elapsed="0.029890"/>
</kw>
<kw name="Wait For Elements State" owner="Browser">
<msg time="2025-08-14T22:44:21.233250" level="INFO">Waited for Element with selector input#username at state visible</msg>
<arg>${INPUT_EMAIL}</arg>
<arg>visible</arg>
<arg>timeout=20s</arg>
<tag>PageContent</tag>
<tag>Wait</tag>
<doc>Waits for the element found by ``selector`` to satisfy state option.</doc>
<status status="PASS" start="2025-08-14T22:44:21.225807" elapsed="0.007642"/>
</kw>
<status status="PASS" start="2025-08-14T22:44:21.185865" elapsed="0.047698"/>
</branch>
<status status="PASS" start="2025-08-14T22:44:21.185758" elapsed="0.047890"/>
</if>
<status status="PASS" start="2025-08-14T22:44:19.907963" elapsed="1.325786"/>
</kw>
<kw name="Fill Text" owner="Browser">
<msg time="2025-08-14T22:44:21.235679" level="INFO">Fills the text 'yusuf.er@brightstraining.com' in the given field.</msg>
<arg>${INPUT_EMAIL}</arg>
<arg>${email}</arg>
<tag>PageContent</tag>
<tag>Setter</tag>
<doc>Clears and fills the given ``txt`` into the text field found by ``selector``.</doc>
<status status="PASS" start="2025-08-14T22:44:21.233936" elapsed="0.017712"/>
</kw>
<kw name="Fill Text" owner="Browser">
<msg time="2025-08-14T22:44:21.252921" level="INFO">Fills the text 'tenor!embedded9PING' in the given field.</msg>
<arg>${INPUT_PASSWORD}</arg>
<arg>${password}</arg>
<tag>PageContent</tag>
<tag>Setter</tag>
<doc>Clears and fills the given ``txt`` into the text field found by ``selector``.</doc>
<status status="PASS" start="2025-08-14T22:44:21.251971" elapsed="0.012476"/>
</kw>
<kw name="Click" owner="Browser">
<msg time="2025-08-14T22:44:21.265960" level="INFO">Clicks the element '//input[@type='submit' and @value='Login']'.</msg>
<arg>${BTN_SUBMIT_LOGIN}</arg>
<tag>PageContent</tag>
<tag>Setter</tag>
<doc>Simulates mouse click on the element found by ``selector``.</doc>
<status status="PASS" start="2025-08-14T22:44:21.264752" elapsed="0.046666"/>
</kw>
<kw name="Wait For Load State" owner="Browser">
<msg time="2025-08-14T22:44:21.312828" level="INFO">Waiting page load to state to receive networkidle in 45000.0</msg>
<msg time="2025-08-14T22:44:24.917248" level="INFO">Load state networkidle got in 45000</msg>
<arg>networkidle</arg>
<arg>timeout=45s</arg>
<tag>PageContent</tag>
<tag>Wait</tag>
<doc>Waits that the page reaches the required load state.</doc>
<status status="PASS" start="2025-08-14T22:44:21.311738" elapsed="3.606046"/>
</kw>
<kw name="Run Keyword And Ignore Error" owner="BuiltIn">
<kw name="Wait For Elements State" owner="Browser">
<msg time="2025-08-14T22:44:24.939713" level="INFO">Waited for Element with selector css=.dialog-overlay at state hidden</msg>
<arg>css=.dialog-overlay</arg>
<arg>hidden</arg>
<arg>timeout=10s</arg>
<tag>PageContent</tag>
<tag>Wait</tag>
<doc>Waits for the element found by ``selector`` to satisfy state option.</doc>
<status status="PASS" start="2025-08-14T22:44:24.919672" elapsed="0.020202"/>
</kw>
<arg>Wait For Elements State</arg>
<arg>css=.dialog-overlay</arg>
<arg>hidden</arg>
<arg>timeout=10s</arg>
<doc>Runs the given keyword with the given arguments and ignores possible error.</doc>
<status status="PASS" start="2025-08-14T22:44:24.918438" elapsed="0.021539"/>
</kw>
<arg>${EMAIL}</arg>
<arg>${PASSWORD}</arg>
<status status="PASS" start="2025-08-14T22:44:19.906623" elapsed="5.033439"/>
</kw>
<kw name="Generate Poll Name" owner="PollGen">
<msg time="2025-08-14T22:44:24.940911" level="INFO">${poll_name} = QWL Team Alignment Review 20250814-224424</msg>
<var>${poll_name}</var>
<arg>prefix=QWL</arg>
<doc>Rastgele bir isim üretir ve isteğe bağlı timestamp ekleyerek benzersizleştirir.
- prefix: başa eklenecek ifade
- max_length: çıktı uzunluk sınırı
- ensure_unique: True ise YYYYMMDD-HHMMSS eklenir
- from_csv: True ise isim havuzunu CSV'den alır; False ise statik havuz kullanır</doc>
<status status="PASS" start="2025-08-14T22:44:24.940393" elapsed="0.000541"/>
</kw>
<kw name="Create Poll" owner="keywords">
<kw name="Wait For Elements State" owner="Browser">
<msg time="2025-08-14T22:44:24.953691" level="INFO">Waited for Element with selector xpath=//body/vibe-app/div[@id='masterContainer']/vibe-list/div[2]/div[1]/a[1] at state visible</msg>
<arg>xpath=//body/vibe-app/div[@id='masterContainer']/vibe-list/div[2]/div[1]/a[1]</arg>
<arg>visible</arg>
<arg>timeout=20s</arg>
<tag>PageContent</tag>
<tag>Wait</tag>
<doc>Waits for the element found by ``selector`` to satisfy state option.</doc>
<status status="PASS" start="2025-08-14T22:44:24.942700" elapsed="0.011128"/>
</kw>
<kw name="Click" owner="Browser">
<msg time="2025-08-14T22:44:24.954510" level="INFO">Clicks the element 'xpath=//body/vibe-app/div[@id='masterContainer']/vibe-list/div[2]/div[1]/a[1]'.</msg>
<arg>xpath=//body/vibe-app/div[@id='masterContainer']/vibe-list/div[2]/div[1]/a[1]</arg>
<tag>PageContent</tag>
<tag>Setter</tag>
<doc>Simulates mouse click on the element found by ``selector``.</doc>
<status status="PASS" start="2025-08-14T22:44:24.953984" elapsed="0.044228"/>
</kw>
<kw name="Wait For Elements State" owner="Browser">
<msg time="2025-08-14T22:44:25.003282" level="INFO">Waited for Element with selector xpath=//input[@id='addProjectName'] at state visible</msg>
<arg>xpath=//input[@id='addProjectName']</arg>
<arg>visible</arg>
<arg>timeout=20s</arg>
<tag>PageContent</tag>
<tag>Wait</tag>
<doc>Waits for the element found by ``selector`` to satisfy state option.</doc>
<status status="PASS" start="2025-08-14T22:44:24.998368" elapsed="0.005064"/>
</kw>
<kw name="Fill Text" owner="Browser">
<msg time="2025-08-14T22:44:25.004088" level="INFO">Fills the text 'QWL Team Alignment Review 20250814-224424' in the given field.</msg>
<arg>xpath=//input[@id='addProjectName']</arg>
<arg>${poll_name}</arg>
<tag>PageContent</tag>
<tag>Setter</tag>
<doc>Clears and fills the given ``txt`` into the text field found by ``selector``.</doc>
<status status="PASS" start="2025-08-14T22:44:25.003600" elapsed="0.010967"/>
</kw>
<kw name="Wait For Elements State" owner="Browser">
<msg time="2025-08-14T22:44:25.019982" level="INFO">Waited for Element with selector xpath=//button[normalize-space()='Create a QWL poll'] at state visible</msg>
<arg>xpath=//button[normalize-space()='Create a QWL poll']</arg>
<arg>visible</arg>
<arg>timeout=15s</arg>
<tag>PageContent</tag>
<tag>Wait</tag>
<doc>Waits for the element found by ``selector`` to satisfy state option.</doc>
<status status="PASS" start="2025-08-14T22:44:25.014753" elapsed="0.005359"/>
</kw>
<kw name="Click" owner="Browser">
<msg time="2025-08-14T22:44:25.020719" level="INFO">Clicks the element 'xpath=//button[normalize-space()='Create a QWL poll']'.</msg>
<arg>xpath=//button[normalize-space()='Create a QWL poll']</arg>
<tag>PageContent</tag>
<tag>Setter</tag>
<doc>Simulates mouse click on the element found by ``selector``.</doc>
<status status="PASS" start="2025-08-14T22:44:25.020269" elapsed="0.275818"/>
</kw>
<kw name="Wait For Load State" owner="Browser">
<msg time="2025-08-14T22:44:25.298691" level="INFO">Waiting page load to state to receive networkidle in 30000.0</msg>
<msg time="2025-08-14T22:44:25.308538" level="INFO">Load state networkidle got in 30000</msg>
<arg>networkidle</arg>
<arg>timeout=30s</arg>
<tag>PageContent</tag>
<tag>Wait</tag>
<doc>Waits that the page reaches the required load state.</doc>
<status status="PASS" start="2025-08-14T22:44:25.296361" elapsed="0.012337"/>
</kw>
<kw name="Set Variable" owner="BuiltIn">
<msg time="2025-08-14T22:44:25.309459" level="INFO">${BASIC_SECT} = xpath=//vibe-settings-advanced-button[@icon='cog']//div[contains(@class,'accordionTitle')]</msg>
<var>${BASIC_SECT}</var>
<arg>xpath=//vibe-settings-advanced-button[@icon='cog']//div[contains(@class,'accordionTitle')]</arg>
<doc>Returns the given values which can then be assigned to a variables.</doc>
<status status="PASS" start="2025-08-14T22:44:25.308887" elapsed="0.000625"/>
</kw>
<kw name="Run Keyword And Return Status" owner="BuiltIn">
<kw name="Wait For Elements State" owner="Browser">
<msg time="2025-08-14T22:44:26.727214" level="INFO">Waited for Element with selector xpath=//vibe-settings-advanced-button[@icon='cog']//div[contains(@class,'accordionTitle')] at state visible</msg>
<arg>${BASIC_SECT}</arg>
<arg>visible</arg>
<arg>timeout=8s</arg>
<tag>PageContent</tag>
<tag>Wait</tag>
<doc>Waits for the element found by ``selector`` to satisfy state option.</doc>
<status status="PASS" start="2025-08-14T22:44:25.310333" elapsed="1.417077"/>
</kw>
<msg time="2025-08-14T22:44:26.727595" level="INFO">${on_settings} = True</msg>
<var>${on_settings}</var>
<arg>Wait For Elements State</arg>
<arg>${BASIC_SECT}</arg>
<arg>visible</arg>
<arg>timeout=8s</arg>
<doc>Runs the given keyword with given arguments and returns the status as a Boolean value.</doc>
<status status="PASS" start="2025-08-14T22:44:25.309876" elapsed="1.417754"/>
</kw>
<if>
<branch type="IF" condition="${on_settings}">
<kw name="Scroll To Element" owner="Browser">
<arg>${BASIC_SECT}</arg>
<tag>PageContent</tag>
<tag>Setter</tag>
<doc>This method waits for actionability checks, then tries to scroll element into view,
unless it is completely visible.</doc>
<status status="PASS" start="2025-08-14T22:44:26.728200" elapsed="0.199626"/>
</kw>
<kw name="Click" owner="Browser">
<msg time="2025-08-14T22:44:26.928849" level="INFO">Clicks the element 'xpath=//vibe-settings-advanced-button[@icon='cog']//div[contains(@class,'accordionTitle')]'.</msg>
<arg>${BASIC_SECT}</arg>
<tag>PageContent</tag>
<tag>Setter</tag>
<doc>Simulates mouse click on the element found by ``selector``.</doc>
<status status="PASS" start="2025-08-14T22:44:26.928145" elapsed="0.051461"/>
</kw>
<kw name="Run Keyword And Return Status" owner="BuiltIn">
<kw name="Wait For Elements State" owner="Browser">
<msg time="2025-08-14T22:44:26.987261" level="INFO">Waited for Element with selector xpath=//a[@id='save'] at state visible</msg>
<arg>xpath=//a[@id='save']</arg>
<arg>visible</arg>
<arg>timeout=10s</arg>
<tag>PageContent</tag>
<tag>Wait</tag>
<doc>Waits for the element found by ``selector`` to satisfy state option.</doc>
<status status="PASS" start="2025-08-14T22:44:26.980439" elapsed="0.007019"/>
</kw>
<msg time="2025-08-14T22:44:26.987655" level="INFO">${can_save} = True</msg>
<var>${can_save}</var>
<arg>Wait For Elements State</arg>
<arg>xpath=//a[@id='save']</arg>
<arg>visible</arg>
<arg>timeout=10s</arg>
<doc>Runs the given keyword with given arguments and returns the status as a Boolean value.</doc>
<status status="PASS" start="2025-08-14T22:44:26.979916" elapsed="0.007778"/>
</kw>
<if>
<branch type="IF" condition="${can_save}">
<kw name="Scroll To Element" owner="Browser">
<arg>xpath=//a[@id='save']</arg>
<tag>PageContent</tag>
<tag>Setter</tag>
<doc>This method waits for actionability checks, then tries to scroll element into view,
unless it is completely visible.</doc>
<status status="PASS" start="2025-08-14T22:44:26.988294" elapsed="0.023496"/>
</kw>
<kw name="Click" owner="Browser">
<msg time="2025-08-14T22:44:27.012861" level="INFO">Clicks the element 'xpath=//a[@id='save']'.</msg>
<msg time="2025-08-14T22:44:37.174412" level="INFO" html="true">&lt;/td&gt;&lt;/tr&gt;&lt;tr&gt;&lt;td colspan="3"&gt;&lt;a href="browser/screenshot/fail-screenshot-2.png" target="_blank"&gt;&lt;img src="browser/screenshot/fail-screenshot-2.png" width="800px"/&gt;&lt;/a&gt;</msg>
<msg time="2025-08-14T22:44:37.174514" level="INFO">See also file:///C:/Users/yusuf/PycharmProjects/VibeCatch_Testing/playwright-log.txt for additional details.</msg>
<msg time="2025-08-14T22:44:37.174629" level="FAIL">TimeoutError: locator.click: Timeout 10000ms exceeded.
Call log:
  - waiting for locator('//a[@id=\'save\']')
    - locator resolved to &lt;a id="save" class="btn btn-white"&gt;…&lt;/a&gt;
  - attempting click action
    2 × waiting for element to be visible, enabled and stable
      - element is visible, enabled and stable
      - scrolling into view if needed
      - done scrolling
      - element is outside of the viewport
    - retrying click action
    - waiting 20ms
    2 × waiting for element to be visible, enabled and stable
      - element is visible, enabled and stable
      - scrolling into view if needed
      - done scrolling
      - element is outside of the viewport
    - retrying click action
      - waiting 100ms
    19 × waiting for element to be visible, enabled and stable
       - element is visible, enabled and stable
       - scrolling into view if needed
       - done scrolling
       - element is outside of the viewport
     - retrying click action
       - waiting 500ms
</msg>
<arg>xpath=//a[@id='save']</arg>
<tag>PageContent</tag>
<tag>Setter</tag>
<doc>Simulates mouse click on the element found by ``selector``.</doc>
<status status="FAIL" start="2025-08-14T22:44:27.012083" elapsed="10.164741">TimeoutError: locator.click: Timeout 10000ms exceeded.
Call log:
  - waiting for locator('//a[@id=\'save\']')
    - locator resolved to &lt;a id="save" class="btn btn-white"&gt;…&lt;/a&gt;
  - attempting click action
    2 × waiting for element to be visible, enabled and stable
      - element is visible, enabled and stable
      - scrolling into view if needed
      - done scrolling
      - element is outside of the viewport
    - retrying click action
    - waiting 20ms
    2 × waiting for element to be visible, enabled and stable
      - element is visible, enabled and stable
      - scrolling into view if needed
      - done scrolling
      - element is outside of the viewport
    - retrying click action
      - waiting 100ms
    19 × waiting for element to be visible, enabled and stable
       - element is visible, enabled and stable
       - scrolling into view if needed
       - done scrolling
       - element is outside of the viewport
     - retrying click action
       - waiting 500ms
</status>
</kw>
<kw name="Wait For Load State" owner="Browser">
<arg>networkidle</arg>
<arg>timeout=20s</arg>
<tag>PageContent</tag>
<tag>Wait</tag>
<doc>Waits that the page reaches the required load state.</doc>
<status status="NOT RUN" start="2025-08-14T22:44:37.176991" elapsed="0.000094"/>
</kw>
<status status="FAIL" start="2025-08-14T22:44:26.987853" elapsed="10.189303">TimeoutError: locator.click: Timeout 10000ms exceeded.
Call log:
  - waiting for locator('//a[@id=\'save\']')
    - locator resolved to &lt;a id="save" class="btn btn-white"&gt;…&lt;/a&gt;
  - attempting click action
    2 × waiting for element to be visible, enabled and stable
      - element is visible, enabled and stable
      - scrolling into view if needed
      - done scrolling
      - element is outside of the viewport
    - retrying click action
    - waiting 20ms
    2 × waiting for element to be visible, enabled and stable
      - element is visible, enabled and stable
      - scrolling into view if needed
      - done scrolling
      - element is outside of the viewport
    - retrying click action
      - waiting 100ms
    19 × waiting for element to be visible, enabled and stable
       - element is visible, enabled and stable
       - scrolling into view if needed
       - done scrolling
       - element is outside of the viewport
     - retrying click action
       - waiting 500ms
</status>
</branch>
<status status="FAIL" start="2025-08-14T22:44:26.987817" elapsed="10.189396">TimeoutError: locator.click: Timeout 10000ms exceeded.
Call log:
  - waiting for locator('//a[@id=\'save\']')
    - locator resolved to &lt;a id="save" class="btn btn-white"&gt;…&lt;/a&gt;
  - attempting click action
    2 × waiting for element to be visible, enabled and stable
      - element is visible, enabled and stable
      - scrolling into view if needed
      - done scrolling
      - element is outside of the viewport
    - retrying click action
    - waiting 20ms
    2 × waiting for element to be visible, enabled and stable
      - element is visible, enabled and stable
      - scrolling into view if needed
      - done scrolling
      - element is outside of the viewport
    - retrying click action
      - waiting 100ms
    19 × waiting for element to be visible, enabled and stable
       - element is visible, enabled and stable
       - scrolling into view if needed
       - done scrolling
       - element is outside of the viewport
     - retrying click action
       - waiting 500ms
</status>
</if>
<status status="FAIL" start="2025-08-14T22:44:26.727790" elapsed="10.449507">TimeoutError: locator.click: Timeout 10000ms exceeded.
Call log:
  - waiting for locator('//a[@id=\'save\']')
    - locator resolved to &lt;a id="save" class="btn btn-white"&gt;…&lt;/a&gt;
  - attempting click action
    2 × waiting for element to be visible, enabled and stable
      - element is visible, enabled and stable
      - scrolling into view if needed
      - done scrolling
      - element is outside of the viewport
    - retrying click action
    - waiting 20ms
    2 × waiting for element to be visible, enabled and stable
      - element is visible, enabled and stable
      - scrolling into view if needed
      - done scrolling
      - element is outside of the viewport
    - retrying click action
      - waiting 100ms
    19 × waiting for element to be visible, enabled and stable
       - element is visible, enabled and stable
       - scrolling into view if needed
       - done scrolling
       - element is outside of the viewport
     - retrying click action
       - waiting 500ms
</status>
</branch>
<status status="FAIL" start="2025-08-14T22:44:26.727753" elapsed="10.449583">TimeoutError: locator.click: Timeout 10000ms exceeded.
Call log:
  - waiting for locator('//a[@id=\'save\']')
    - locator resolved to &lt;a id="save" class="btn btn-white"&gt;…&lt;/a&gt;
  - attempting click action
    2 × waiting for element to be visible, enabled and stable
      - element is visible, enabled and stable
      - scrolling into view if needed
      - done scrolling
      - element is outside of the viewport
    - retrying click action
    - waiting 20ms
    2 × waiting for element to be visible, enabled and stable
      - element is visible, enabled and stable
      - scrolling into view if needed
      - done scrolling
      - element is outside of the viewport
    - retrying click action
      - waiting 100ms
    19 × waiting for element to be visible, enabled and stable
       - element is visible, enabled and stable
       - scrolling into view if needed
       - done scrolling
       - element is outside of the viewport
     - retrying click action
       - waiting 500ms
</status>
</if>
<arg>${poll_name}</arg>
<status status="FAIL" start="2025-08-14T22:44:24.941927" elapsed="12.235487">TimeoutError: locator.click: Timeout 10000ms exceeded.
Call log:
  - waiting for locator('//a[@id=\'save\']')
    - locator resolved to &lt;a id="save" class="btn btn-white"&gt;…&lt;/a&gt;
  - attempting click action
    2 × waiting for element to be visible, enabled and stable
      - element is visible, enabled and stable
      - scrolling into view if needed
      - done scrolling
      - element is outside of the viewport
    - retrying click action
    - waiting 20ms
    2 × waiting for element to be visible, enabled and stable
      - element is visible, enabled and stable
      - scrolling into view if needed
      - done scrolling
      - element is outside of the viewport
    - retrying click action
      - waiting 100ms
    19 × waiting for element to be visible, enabled and stable
       - element is visible, enabled and stable
       - scrolling into view if needed
       - done scrolling
       - element is outside of the viewport
     - retrying click action
       - waiting 500ms
</status>
</kw>
<kw name="Logout" owner="keywords">
<status status="NOT RUN" start="2025-08-14T22:44:37.177827" elapsed="0.000098"/>
</kw>
<status status="FAIL" start="2025-08-14T22:44:19.894561" elapsed="17.283803">TimeoutError: locator.click: Timeout 10000ms exceeded.
Call log:
  - waiting for locator('//a[@id=\'save\']')
    - locator resolved to &lt;a id="save" class="btn btn-white"&gt;…&lt;/a&gt;
  - attempting click action
    2 × waiting for element to be visible, enabled and stable
      - element is visible, enabled and stable
      - scrolling into view if needed
      - done scrolling
      - element is outside of the viewport
    - retrying click action
    - waiting 20ms
    2 × waiting for element to be visible, enabled and stable
      - element is visible, enabled and stable
      - scrolling into view if needed
      - done scrolling
      - element is outside of the viewport
    - retrying click action
      - waiting 100ms
    19 × waiting for element to be visible, enabled and stable
       - element is visible, enabled and stable
       - scrolling into view if needed
       - done scrolling
       - element is outside of the viewport
     - retrying click action
       - waiting 500ms
</status>
</test>
<kw name="Close Browser" owner="Browser" type="TEARDOWN">
<msg time="2025-08-14T22:44:37.523878" level="INFO">Closed browser</msg>
<tag>BrowserControl</tag>
<tag>Setter</tag>
<doc>Closes the current browser.</doc>
<status status="PASS" start="2025-08-14T22:44:37.186988" elapsed="0.337057"/>
</kw>
<status status="FAIL" start="2025-08-14T22:44:14.030761" elapsed="23.493375"/>
</suite>
<statistics>
<total>
<stat pass="0" fail="1" skip="0">All Tests</stat>
</total>
<tag>
</tag>
<suite>
<stat name="Create Poll Test" id="s1" pass="0" fail="1" skip="0">Create Poll Test</stat>
</suite>
</statistics>
<errors>
</errors>
</robot>
